        -:    0:Source:../cpp/BuildAttack.cpp
        -:    0:Graph:BuildAttack.gcno
        -:    0:Data:BuildAttack.gcda
        -:    0:Runs:1
        -:    1:#include "../hpp/BuildAttack.hpp"
        -:    2:
        -:    3:#include "../hpp/EffectAttack.hpp"
        -:    4:
       20:    5:BuildAttack::BuildAttack(int damage, EffectAttack* effect) : damage(damage), effect(effect) {}
       40:    6:BuildAttack::BuildAttack(int damage) : damage(damage), effect(nullptr) {}
       40:    7:BuildAttack::BuildAttack(EffectAttack* effect) : damage(0), effect(effect) {}
      100:    8:BuildAttack::~BuildAttack() { delete effect; }
        -:    9:
       80:   10:int BuildAttack::getDamage() const { return damage; }
       20:   11:void BuildAttack::setDamage(int newdamage) { damage = newdamage; }
        -:   12:
       80:   13:EffectAttack* BuildAttack::getEffect() const { return effect; }
       20:   14:void BuildAttack::setEffect(EffectAttack* neweffect) { delete effect; effect = neweffect; }