        -:    0:Source:../cpp/MagicTrap.cpp
        -:    0:Graph:MagicTrap.gcno
        -:    0:Data:MagicTrap.gcda
        -:    0:Runs:1
        -:    1:#include "../hpp/MagicTrap.hpp"
        -:    2:
        -:    3:#include "../hpp/DefBuild.hpp"
        -:    4:#include "../hpp/BuildAttack.hpp"
        -:    5:#include "../hpp/EffectAttack.hpp"
        -:    6:#include "../hpp/Landscape.hpp"
        -:    7:
        -:    8:#include "../hpp/PriceTable.hpp"
        -:    9:
        -:   10:
     1019:   11:MagicTrap::MagicTrap(int cost, int level, int radius, int damage, AttackStrategy strat, EffectType effect) :
     1019:   12:        DefBuild(cost, level, radius, damage, strat), effect(effect) {}
        -:   13:
       60:   14:EffectType MagicTrap::getEffect() const { return effect; }
       20:   15:void MagicTrap::setEffect(EffectType neweffect) { effect = neweffect; }
        -:   16:
        -:   17:// DefBuild methods
     1878:   18:std::pair<int, int> MagicTrap::getCoord(const Landscape* land) const
        -:   19:{
     1878:   20:        Road* road = land->getRoad(this);
     1878:   21:        return std::make_pair(road->getX(), road->getY());
        -:   22:}
        -:   23:
        -:   24:
      939:   25:void MagicTrap::installOnCell(Landscape* land, int x, int y)
        -:   26:{
      939:   27:        land->getRoad(x, y)->setMTrap(this);
      939:   28:}
        -:   29:
        -:   30:
      939:   31:void MagicTrap::onAttackComplete(Landscape* land)
        -:   32:{
      939:   33:        std::pair<int, int> pair = getCoord(land);
      939:   34:        int x = pair.first, y = pair.second;
      939:   35:        Road* road = land->getRoad(x, y);
      939:   36:        if (road) {
      939:   37:                road->setMTrap(nullptr);
        -:   38:        }
      939:   39:        delete this;
      939:   40:}
        -:   41:
       20:   42:BuildAttack* MagicTrap::attack() const { return new BuildAttack(damage, new EffectAttack(effect, level)); }
        -:   43:
       40:   44:void MagicTrap::upgrade()
        -:   45:{
       40:   46:        DefBuild::upgrade(); // ++level;
       40:   47:        BuildStats stats = PriceTable::instance().getBuildStats(BuildType::MAGICTRAP, strat, effect, level);
        -:   48:
       40:   49:        cost = stats.cost;
       40:   50:        radius = stats.radius;
       40:   51:        damage = stats.damage;
       40:   52:}