        -:    0:Source:../cpp/Field.cpp
        -:    0:Graph:Field-test.gcno
        -:    0:Data:Field-test.gcda
        -:    0:Runs:1
        -:    1:#include "../hpp/Field.hpp"
        -:    2:
        -:    3:#include "../hpp/Cell.hpp"
        -:    4:#include "../hpp/DefBuild.hpp"
        -:    5:
        -:    6:
       40:    7:Field::Field(int x, int y) : Cell(x, y), defbuild(nullptr) {}
       20:    8:Field::Field(int x, int y, DefBuild* defbuild) : Cell(x, y), defbuild(defbuild) {}
       60:    9:Field::~Field() { delete defbuild; }
        -:   10:
       60:   11:DefBuild* Field::getBuild() const { return defbuild; }
       40:   12:void Field::setBuild(DefBuild* newdefbuild) { defbuild = newdefbuild; }
       80:   13:bool Field::isEmpty() const { return defbuild == nullptr; }